<?xml version="1.0" encoding="UTF-8"?>
<testng-results ignored="0" total="2" passed="2" failed="0" skipped="0">
  <reporter-output>
  </reporter-output>
  <suite started-at="2021-11-17T22:44:30 IST" name="Default suite" finished-at="2021-11-17T22:44:30 IST" duration-ms="45">
    <groups>
    </groups>
    <test started-at="2021-11-17T22:44:30 IST" name="Default test" finished-at="2021-11-17T22:44:30 IST" duration-ms="45">
      <class name="WebDriverBasics.TestNGBasics">
        <test-method is-config="true" signature="getTest()[pri:0, instance:WebDriverBasics.TestNGBasics@4201c465]" started-at="2021-11-17T22:44:30 IST" name="getTest" finished-at="2021-11-17T22:44:30 IST" duration-ms="7" status="PASS">
          <reporter-output>
          </reporter-output>
        </test-method> <!-- getTest -->
        <test-method is-config="true" signature="getTest1()[pri:0, instance:WebDriverBasics.TestNGBasics@4201c465]" started-at="2021-11-17T22:44:30 IST" name="getTest1" finished-at="2021-11-17T22:44:30 IST" duration-ms="0" status="PASS">
          <reporter-output>
          </reporter-output>
        </test-method> <!-- getTest1 -->
        <test-method is-config="true" signature="getTest2()[pri:0, instance:WebDriverBasics.TestNGBasics@4201c465]" started-at="2021-11-17T22:44:30 IST" name="getTest2" finished-at="2021-11-17T22:44:30 IST" duration-ms="0" status="PASS">
          <reporter-output>
          </reporter-output>
        </test-method> <!-- getTest2 -->
        <test-method is-config="true" signature="Test()[pri:0, instance:WebDriverBasics.TestNGBasics@4201c465]" started-at="2021-11-17T22:44:30 IST" name="Test" finished-at="2021-11-17T22:44:30 IST" duration-ms="1" status="PASS">
          <reporter-output>
          </reporter-output>
        </test-method> <!-- Test -->
        <test-method signature="Test3()[pri:1, instance:WebDriverBasics.TestNGBasics@4201c465]" started-at="2021-11-17T22:44:30 IST" name="Test3" finished-at="2021-11-17T22:44:30 IST" duration-ms="6" status="PASS">
          <reporter-output>
          </reporter-output>
        </test-method> <!-- Test3 -->
        <test-method is-config="true" signature="Test2()[pri:0, instance:WebDriverBasics.TestNGBasics@4201c465]" started-at="2021-11-17T22:44:30 IST" name="Test2" finished-at="2021-11-17T22:44:30 IST" duration-ms="0" status="PASS">
          <reporter-output>
          </reporter-output>
        </test-method> <!-- Test2 -->
        <test-method signature="Test1()[pri:2, instance:WebDriverBasics.TestNGBasics@4201c465]" started-at="2021-11-17T22:44:30 IST" name="Test1" finished-at="2021-11-17T22:44:30 IST" duration-ms="2" status="PASS">
          <reporter-output>
          </reporter-output>
        </test-method> <!-- Test1 -->
        <test-method is-config="true" signature="Test()[pri:0, instance:WebDriverBasics.TestNGBasics@4201c465]" started-at="2021-11-17T22:44:30 IST" name="Test" finished-at="2021-11-17T22:44:30 IST" duration-ms="0" status="PASS">
          <reporter-output>
          </reporter-output>
        </test-method> <!-- Test -->
        <test-method is-config="true" signature="Test2()[pri:0, instance:WebDriverBasics.TestNGBasics@4201c465]" started-at="2021-11-17T22:44:30 IST" name="Test2" finished-at="2021-11-17T22:44:30 IST" duration-ms="0" status="PASS">
          <reporter-output>
          </reporter-output>
        </test-method> <!-- Test2 -->
        <test-method is-config="true" signature="GetTest4()[pri:0, instance:WebDriverBasics.TestNGBasics@4201c465]" started-at="2021-11-17T22:44:30 IST" name="GetTest4" finished-at="2021-11-17T22:44:30 IST" duration-ms="0" status="PASS">
          <reporter-output>
          </reporter-output>
        </test-method> <!-- GetTest4 -->
        <test-method is-config="true" signature="GetTest3()[pri:0, instance:WebDriverBasics.TestNGBasics@4201c465]" started-at="2021-11-17T22:44:30 IST" name="GetTest3" finished-at="2021-11-17T22:44:30 IST" duration-ms="0" status="PASS">
          <reporter-output>
          </reporter-output>
        </test-method> <!-- GetTest3 -->
      </class> <!-- WebDriverBasics.TestNGBasics -->
    </test> <!-- Default test -->
  </suite> <!-- Default suite -->
</testng-results>
