<?xml version="1.0" encoding="UTF-8"?>
<testng-results ignored="0" total="1" passed="1" failed="0" skipped="0">
  <reporter-output>
  </reporter-output>
  <suite started-at="2021-11-24T07:50:11 IST" name="FREE CRM Application Test Automation Test Suite" finished-at="2021-11-24T07:50:22 IST" duration-ms="10685">
    <groups>
    </groups>
    <test started-at="2021-11-24T07:50:11 IST" name="Free CRM App Test Cases" finished-at="2021-11-24T07:50:22 IST" duration-ms="10685">
      <class name="com.crm.qa.testcases.LoginPageTest">
        <test-method is-config="true" signature="setup()[pri:0, instance:com.crm.qa.testcases.LoginPageTest@6fd83fc1]" started-at="2021-11-24T07:50:11 IST" name="setup" finished-at="2021-11-24T07:50:17 IST" duration-ms="5807" status="PASS">
          <reporter-output>
          </reporter-output>
        </test-method> <!-- setup -->
        <test-method signature="loginpageTitleTest()[pri:0, instance:com.crm.qa.testcases.LoginPageTest@6fd83fc1]" started-at="2021-11-24T07:50:17 IST" name="loginpageTitleTest" finished-at="2021-11-24T07:50:21 IST" duration-ms="4691" status="PASS">
          <reporter-output>
          </reporter-output>
        </test-method> <!-- loginpageTitleTest -->
        <test-method is-config="true" signature="teardown()[pri:0, instance:com.crm.qa.testcases.LoginPageTest@6fd83fc1]" started-at="2021-11-24T07:50:21 IST" name="teardown" finished-at="2021-11-24T07:50:22 IST" duration-ms="148" status="PASS">
          <reporter-output>
          </reporter-output>
        </test-method> <!-- teardown -->
      </class> <!-- com.crm.qa.testcases.LoginPageTest -->
    </test> <!-- Free CRM App Test Cases -->
  </suite> <!-- FREE CRM Application Test Automation Test Suite -->
</testng-results>
