<?xml version="1.0" encoding="UTF-8"?>
<testng-results ignored="0" total="2" passed="2" failed="0" skipped="0">
  <reporter-output>
  </reporter-output>
  <suite started-at="2021-11-24T22:37:20 IST" name="Default suite" finished-at="2021-11-24T22:37:31 IST" duration-ms="11796">
    <groups>
    </groups>
    <test started-at="2021-11-24T22:37:20 IST" name="Default test" finished-at="2021-11-24T22:37:31 IST" duration-ms="11796">
      <class name="com.tests.LoginTest">
        <test-method is-config="true" signature="setup()[pri:0, instance:com.tests.LoginTest@5524cca1]" started-at="2021-11-24T22:37:20 IST" name="setup" finished-at="2021-11-24T22:37:26 IST" duration-ms="6585" status="PASS">
          <reporter-output>
          </reporter-output>
        </test-method> <!-- setup -->
        <test-method signature="freecrmtitletest()[pri:1, instance:com.tests.LoginTest@5524cca1]" started-at="2021-11-24T22:37:26 IST" name="freecrmtitletest" finished-at="2021-11-24T22:37:26 IST" duration-ms="11" status="PASS">
          <reporter-output>
          </reporter-output>
        </test-method> <!-- freecrmtitletest -->
        <test-method is-config="true" signature="teardown()[pri:0, instance:com.tests.LoginTest@5524cca1]" started-at="2021-11-24T22:37:26 IST" name="teardown" finished-at="2021-11-24T22:37:26 IST" duration-ms="123" status="PASS">
          <reporter-output>
          </reporter-output>
        </test-method> <!-- teardown -->
        <test-method is-config="true" signature="setup()[pri:0, instance:com.tests.LoginTest@5524cca1]" started-at="2021-11-24T22:37:26 IST" name="setup" finished-at="2021-11-24T22:37:31 IST" duration-ms="4905" status="PASS">
          <reporter-output>
          </reporter-output>
        </test-method> <!-- setup -->
        <test-method signature="crmlogo()[pri:2, instance:com.tests.LoginTest@5524cca1]" started-at="2021-11-24T22:37:31 IST" name="crmlogo" finished-at="2021-11-24T22:37:31 IST" duration-ms="35" status="PASS">
          <reporter-output>
          </reporter-output>
        </test-method> <!-- crmlogo -->
        <test-method is-config="true" signature="teardown()[pri:0, instance:com.tests.LoginTest@5524cca1]" started-at="2021-11-24T22:37:31 IST" name="teardown" finished-at="2021-11-24T22:37:31 IST" duration-ms="99" status="PASS">
          <reporter-output>
          </reporter-output>
        </test-method> <!-- teardown -->
      </class> <!-- com.tests.LoginTest -->
    </test> <!-- Default test -->
  </suite> <!-- Default suite -->
</testng-results>
